{"C:\\Users\\mosh\\Workspace\\audio-manager\\frontend\\src\\App.css": {"path":"C:\\Users\\mosh\\Workspace\\audio-manager\\frontend\\src\\App.css","statementMap":{},"fnMap":{},"branchMap":{},"s":{},"f":{},"b":{},"meta":{"lastBranch":0,"lastFunction":0,"lastStatement":0,"seen":{}}}
,"C:\\Users\\mosh\\Workspace\\audio-manager\\frontend\\src\\App.jsx": {"path":"C:\\Users\\mosh\\Workspace\\audio-manager\\frontend\\src\\App.jsx","statementMap":{"0":{"start":{"line":17,"column":13},"end":{"line":17,"column":38}},"1":{"start":{"line":25,"column":4},"end":{"line":26,"column":20}},"2":{"start":{"line":40,"column":17},"end":{"line":41,"column":20}},"3":{"start":{"line":50,"column":4},"end":{"line":51,"column":29}},"4":{"start":{"line":59,"column":4},"end":{"line":60,"column":36}},"5":{"start":{"line":66,"column":4},"end":{"line":72,"column":4}},"6":{"start":{"line":74,"column":21},"end":{"line":77,"column":null}},"7":{"start":{"line":75,"column":4},"end":{"line":75,"column":null}},"8":{"start":{"line":76,"column":4},"end":{"line":76,"column":null}},"9":{"start":{"line":77,"column":4},"end":{"line":77,"column":null}},"10":{"start":{"line":80,"column":22},"end":{"line":85,"column":null}},"11":{"start":{"line":81,"column":4},"end":{"line":81,"column":null}},"12":{"start":{"line":82,"column":4},"end":{"line":82,"column":null}},"13":{"start":{"line":83,"column":4},"end":{"line":83,"column":null}},"14":{"start":{"line":84,"column":4},"end":{"line":84,"column":null}},"15":{"start":{"line":85,"column":4},"end":{"line":85,"column":null}},"16":{"start":{"line":88,"column":24},"end":{"line":90,"column":null}},"17":{"start":{"line":89,"column":4},"end":{"line":89,"column":null}},"18":{"start":{"line":90,"column":4},"end":{"line":90,"column":null}},"19":{"start":{"line":93,"column":24},"end":{"line":93,"column":null}},"20":{"start":{"line":94,"column":8},"end":{"line":94,"column":62}},"21":{"start":{"line":94,"column":38},"end":{"line":94,"column":62}},"22":{"start":{"line":96,"column":2},"end":{"line":210,"column":null}},"23":{"start":{"line":118,"column":29},"end":{"line":118,"column":55}},"24":{"start":{"line":124,"column":29},"end":{"line":124,"column":55}},"25":{"start":{"line":173,"column":29},"end":{"line":173,"column":50}},"26":{"start":{"line":179,"column":29},"end":{"line":179,"column":55}}},"fnMap":{"0":{"name":"App","decl":{"start":{"line":16,"column":24},"end":{"line":16,"column":30}},"loc":{"start":{"line":16,"column":30},"end":{"line":210,"column":null}},"line":16},"1":{"name":"(anonymous_1)","decl":{"start":{"line":74,"column":21},"end":{"line":74,"column":33}},"loc":{"start":{"line":74,"column":33},"end":{"line":77,"column":null}},"line":74},"2":{"name":"(anonymous_2)","decl":{"start":{"line":80,"column":22},"end":{"line":80,"column":34}},"loc":{"start":{"line":80,"column":34},"end":{"line":85,"column":null}},"line":80},"3":{"name":"(anonymous_3)","decl":{"start":{"line":88,"column":24},"end":{"line":88,"column":36}},"loc":{"start":{"line":88,"column":36},"end":{"line":90,"column":null}},"line":88},"4":{"name":"(anonymous_4)","decl":{"start":{"line":94,"column":8},"end":{"line":94,"column":31}},"loc":{"start":{"line":94,"column":38},"end":{"line":94,"column":62}},"line":94},"5":{"name":"(anonymous_5)","decl":{"start":{"line":118,"column":14},"end":{"line":118,"column":29}},"loc":{"start":{"line":118,"column":29},"end":{"line":118,"column":55}},"line":118},"6":{"name":"(anonymous_6)","decl":{"start":{"line":124,"column":14},"end":{"line":124,"column":29}},"loc":{"start":{"line":124,"column":29},"end":{"line":124,"column":55}},"line":124},"7":{"name":"(anonymous_7)","decl":{"start":{"line":173,"column":14},"end":{"line":173,"column":29}},"loc":{"start":{"line":173,"column":29},"end":{"line":173,"column":50}},"line":173},"8":{"name":"(anonymous_8)","decl":{"start":{"line":179,"column":14},"end":{"line":179,"column":29}},"loc":{"start":{"line":179,"column":29},"end":{"line":179,"column":55}},"line":179}},"branchMap":{"0":{"loc":{"start":{"line":93,"column":24},"end":{"line":93,"column":null}},"type":"binary-expr","locations":[{"start":{"line":93,"column":24},"end":{"line":93,"column":61}},{"start":{"line":93,"column":61},"end":{"line":93,"column":null}}],"line":93},"1":{"loc":{"start":{"line":98,"column":7},"end":{"line":103,"column":null}},"type":"binary-expr","locations":[{"start":{"line":98,"column":7},"end":{"line":98,"column":null}},{"start":{"line":99,"column":8},"end":{"line":103,"column":null}}],"line":98},"2":{"loc":{"start":{"line":112,"column":11},"end":{"line":115,"column":11}},"type":"binary-expr","locations":[{"start":{"line":112,"column":11},"end":{"line":112,"column":null}},{"start":{"line":113,"column":12},"end":{"line":115,"column":11}}],"line":112},"3":{"loc":{"start":{"line":117,"column":37},"end":{"line":117,"column":null}},"type":"cond-expr","locations":[{"start":{"line":117,"column":70},"end":{"line":117,"column":90}},{"start":{"line":117,"column":90},"end":{"line":117,"column":null}}],"line":117},"4":{"loc":{"start":{"line":123,"column":37},"end":{"line":123,"column":null}},"type":"cond-expr","locations":[{"start":{"line":123,"column":70},"end":{"line":123,"column":90}},{"start":{"line":123,"column":90},"end":{"line":123,"column":null}}],"line":123},"5":{"loc":{"start":{"line":132,"column":7},"end":{"line":139,"column":null}},"type":"binary-expr","locations":[{"start":{"line":132,"column":7},"end":{"line":132,"column":null}},{"start":{"line":133,"column":8},"end":{"line":139,"column":null}}],"line":132},"6":{"loc":{"start":{"line":142,"column":7},"end":{"line":143,"column":null}},"type":"binary-expr","locations":[{"start":{"line":142,"column":7},"end":{"line":142,"column":null}},{"start":{"line":143,"column":8},"end":{"line":143,"column":null}}],"line":142},"7":{"loc":{"start":{"line":146,"column":7},"end":{"line":147,"column":null}},"type":"binary-expr","locations":[{"start":{"line":146,"column":7},"end":{"line":146,"column":null}},{"start":{"line":147,"column":8},"end":{"line":147,"column":null}}],"line":146},"8":{"loc":{"start":{"line":150,"column":7},"end":{"line":210,"column":null}},"type":"binary-expr","locations":[{"start":{"line":150,"column":7},"end":{"line":150,"column":32}},{"start":{"line":150,"column":32},"end":{"line":150,"column":null}},{"start":{"line":151,"column":8},"end":{"line":210,"column":null}}],"line":150},"9":{"loc":{"start":{"line":158,"column":11},"end":{"line":166,"column":null}},"type":"binary-expr","locations":[{"start":{"line":158,"column":11},"end":{"line":158,"column":38}},{"start":{"line":158,"column":38},"end":{"line":158,"column":null}},{"start":{"line":159,"column":12},"end":{"line":166,"column":null}}],"line":158},"10":{"loc":{"start":{"line":163,"column":17},"end":{"line":164,"column":null}},"type":"binary-expr","locations":[{"start":{"line":163,"column":17},"end":{"line":163,"column":null}},{"start":{"line":164,"column":18},"end":{"line":164,"column":null}}],"line":163},"11":{"loc":{"start":{"line":172,"column":32},"end":{"line":172,"column":null}},"type":"cond-expr","locations":[{"start":{"line":172,"column":56},"end":{"line":172,"column":71}},{"start":{"line":172,"column":71},"end":{"line":172,"column":null}}],"line":172},"12":{"loc":{"start":{"line":178,"column":32},"end":{"line":178,"column":null}},"type":"cond-expr","locations":[{"start":{"line":178,"column":61},"end":{"line":178,"column":76}},{"start":{"line":178,"column":76},"end":{"line":178,"column":null}}],"line":178},"13":{"loc":{"start":{"line":182,"column":15},"end":{"line":182,"column":null}},"type":"binary-expr","locations":[{"start":{"line":182,"column":15},"end":{"line":182,"column":31}},{"start":{"line":182,"column":31},"end":{"line":182,"column":null}}],"line":182},"14":{"loc":{"start":{"line":186,"column":11},"end":{"line":194,"column":null}},"type":"binary-expr","locations":[{"start":{"line":186,"column":11},"end":{"line":186,"column":null}},{"start":{"line":187,"column":12},"end":{"line":194,"column":null}}],"line":186},"15":{"loc":{"start":{"line":197,"column":11},"end":{"line":210,"column":null}},"type":"binary-expr","locations":[{"start":{"line":197,"column":11},"end":{"line":197,"column":null}},{"start":{"line":198,"column":12},"end":{"line":210,"column":null}}],"line":197}},"s":{"0":3,"1":3,"2":3,"3":3,"4":3,"5":3,"6":3,"7":0,"8":0,"9":0,"10":3,"11":1,"12":1,"13":1,"14":1,"15":1,"16":3,"17":1,"18":1,"19":3,"20":3,"21":1,"22":3,"23":0,"24":1,"25":0,"26":0},"f":{"0":3,"1":0,"2":1,"3":1,"4":1,"5":0,"6":1,"7":0,"8":0},"b":{"0":[3,2],"1":[3,1],"2":[3,1],"3":[3,0],"4":[0,3],"5":[3,2],"6":[3,0],"7":[3,0],"8":[3,1,1],"9":[1,1,1],"10":[1,1],"11":[1,0],"12":[0,1],"13":[1,0],"14":[1,1],"15":[1,0]},"meta":{"lastBranch":16,"lastFunction":9,"lastStatement":27,"seen":{"f:16:24:16:30":0,"s:17:13:17:38":0,"s:25:4:26:20":1,"s:40:17:41:20":2,"s:50:4:51:29":3,"s:59:4:60:36":4,"s:66:4:72:4":5,"s:74:21:77:Infinity":6,"f:74:21:74:33":1,"s:75:4:75:Infinity":7,"s:76:4:76:Infinity":8,"s:77:4:77:Infinity":9,"s:80:22:85:Infinity":10,"f:80:22:80:34":2,"s:81:4:81:Infinity":11,"s:82:4:82:Infinity":12,"s:83:4:83:Infinity":13,"s:84:4:84:Infinity":14,"s:85:4:85:Infinity":15,"s:88:24:90:Infinity":16,"f:88:24:88:36":3,"s:89:4:89:Infinity":17,"s:90:4:90:Infinity":18,"s:93:24:93:Infinity":19,"b:93:24:93:61:93:61:93:Infinity":0,"s:94:8:94:62":20,"f:94:8:94:31":4,"s:94:38:94:62":21,"s:96:2:210:Infinity":22,"b:98:7:98:Infinity:99:8:103:Infinity":1,"b:112:11:112:Infinity:113:12:115:11":2,"b:117:70:117:90:117:90:117:Infinity":3,"f:118:14:118:29":5,"s:118:29:118:55":23,"b:123:70:123:90:123:90:123:Infinity":4,"f:124:14:124:29":6,"s:124:29:124:55":24,"b:132:7:132:Infinity:133:8:139:Infinity":5,"b:142:7:142:Infinity:143:8:143:Infinity":6,"b:146:7:146:Infinity:147:8:147:Infinity":7,"b:150:7:150:32:150:32:150:Infinity:151:8:210:Infinity":8,"b:158:11:158:38:158:38:158:Infinity:159:12:166:Infinity":9,"b:163:17:163:Infinity:164:18:164:Infinity":10,"b:172:56:172:71:172:71:172:Infinity":11,"f:173:14:173:29":7,"s:173:29:173:50":25,"b:178:61:178:76:178:76:178:Infinity":12,"f:179:14:179:29":8,"s:179:29:179:55":26,"b:182:15:182:31:182:31:182:Infinity":13,"b:186:11:186:Infinity:187:12:194:Infinity":14,"b:197:11:197:Infinity:198:12:210:Infinity":15}}}
,"C:\\Users\\mosh\\Workspace\\audio-manager\\frontend\\src\\components\\Badge.jsx": {"path":"C:\\Users\\mosh\\Workspace\\audio-manager\\frontend\\src\\components\\Badge.jsx","statementMap":{"0":{"start":{"line":4,"column":2},"end":{"line":7,"column":null}}},"fnMap":{"0":{"name":"Badge","decl":{"start":{"line":3,"column":24},"end":{"line":3,"column":30}},"loc":{"start":{"line":3,"column":39},"end":{"line":7,"column":null}},"line":3}},"branchMap":{"0":{"loc":{"start":{"line":5,"column":54},"end":{"line":5,"column":83}},"type":"binary-expr","locations":[{"start":{"line":5,"column":54},"end":{"line":5,"column":72}},{"start":{"line":5,"column":72},"end":{"line":5,"column":83}}],"line":5}},"s":{"0":13},"f":{"0":13},"b":{"0":[13,1]},"meta":{"lastBranch":1,"lastFunction":1,"lastStatement":1,"seen":{"f:3:24:3:30":0,"s:4:2:7:Infinity":0,"b:5:54:5:72:5:72:5:83":0}}}
,"C:\\Users\\mosh\\Workspace\\audio-manager\\frontend\\src\\components\\ConfirmModal.jsx": {"path":"C:\\Users\\mosh\\Workspace\\audio-manager\\frontend\\src\\components\\ConfirmModal.jsx","statementMap":{"0":{"start":{"line":4,"column":10},"end":{"line":4,"column":32}},"1":{"start":{"line":6,"column":2},"end":{"line":21,"column":null}}},"fnMap":{"0":{"name":"ConfirmModal","decl":{"start":{"line":3,"column":24},"end":{"line":3,"column":37}},"loc":{"start":{"line":3,"column":69},"end":{"line":21,"column":null}},"line":3}},"branchMap":{},"s":{"0":2,"1":2},"f":{"0":2},"b":{},"meta":{"lastBranch":0,"lastFunction":1,"lastStatement":2,"seen":{"f:3:24:3:37":0,"s:4:10:4:32":0,"s:6:2:21:Infinity":1}}}
,"C:\\Users\\mosh\\Workspace\\audio-manager\\frontend\\src\\components\\DuplicateGroup.jsx": {"path":"C:\\Users\\mosh\\Workspace\\audio-manager\\frontend\\src\\components\\DuplicateGroup.jsx","statementMap":{"0":{"start":{"line":6,"column":10},"end":{"line":6,"column":32}},"1":{"start":{"line":7,"column":24},"end":{"line":7,"column":null}},"2":{"start":{"line":7,"column":48},"end":{"line":7,"column":68}},"3":{"start":{"line":9,"column":2},"end":{"line":71,"column":null}},"4":{"start":{"line":18,"column":25},"end":{"line":18,"column":44}},"5":{"start":{"line":27,"column":25},"end":{"line":27,"column":null}},"6":{"start":{"line":28,"column":29},"end":{"line":28,"column":49}},"7":{"start":{"line":29,"column":23},"end":{"line":29,"column":null}},"8":{"start":{"line":31,"column":10},"end":{"line":63,"column":null}},"9":{"start":{"line":35,"column":29},"end":{"line":35,"column":45}},"10":{"start":{"line":41,"column":32},"end":{"line":41,"column":48}},"11":{"start":{"line":42,"column":30},"end":{"line":42,"column":null}}},"fnMap":{"0":{"name":"DuplicateGroup","decl":{"start":{"line":5,"column":24},"end":{"line":5,"column":39}},"loc":{"start":{"line":5,"column":91},"end":{"line":71,"column":null}},"line":5},"1":{"name":"(anonymous_1)","decl":{"start":{"line":7,"column":36},"end":{"line":7,"column":43}},"loc":{"start":{"line":7,"column":48},"end":{"line":7,"column":68}},"line":7},"2":{"name":"(anonymous_2)","decl":{"start":{"line":18,"column":10},"end":{"line":18,"column":25}},"loc":{"start":{"line":18,"column":25},"end":{"line":18,"column":44}},"line":18},"3":{"name":"(anonymous_3)","decl":{"start":{"line":26,"column":21},"end":{"line":26,"column":26}},"loc":{"start":{"line":26,"column":35},"end":{"line":63,"column":null}},"line":26},"4":{"name":"(anonymous_4)","decl":{"start":{"line":35,"column":14},"end":{"line":35,"column":29}},"loc":{"start":{"line":35,"column":29},"end":{"line":35,"column":45}},"line":35},"5":{"name":"(anonymous_5)","decl":{"start":{"line":41,"column":16},"end":{"line":41,"column":32}},"loc":{"start":{"line":41,"column":32},"end":{"line":41,"column":48}},"line":41},"6":{"name":"(anonymous_6)","decl":{"start":{"line":42,"column":16},"end":{"line":42,"column":25}},"loc":{"start":{"line":42,"column":30},"end":{"line":42,"column":null}},"line":42}},"branchMap":{"0":{"loc":{"start":{"line":29,"column":23},"end":{"line":29,"column":null}},"type":"cond-expr","locations":[{"start":{"line":29,"column":35},"end":{"line":29,"column":63}},{"start":{"line":29,"column":66},"end":{"line":29,"column":null}}],"line":29},"1":{"loc":{"start":{"line":34,"column":37},"end":{"line":34,"column":75}},"type":"cond-expr","locations":[{"start":{"line":34,"column":50},"end":{"line":34,"column":72}},{"start":{"line":34,"column":72},"end":{"line":34,"column":75}}],"line":34},"2":{"loc":{"start":{"line":34,"column":78},"end":{"line":34,"column":null}},"type":"cond-expr","locations":[{"start":{"line":34,"column":87},"end":{"line":34,"column":105}},{"start":{"line":34,"column":105},"end":{"line":34,"column":null}}],"line":34},"3":{"loc":{"start":{"line":47,"column":17},"end":{"line":48,"column":null}},"type":"binary-expr","locations":[{"start":{"line":47,"column":17},"end":{"line":47,"column":null}},{"start":{"line":48,"column":18},"end":{"line":48,"column":null}}],"line":47},"4":{"loc":{"start":{"line":59,"column":15},"end":{"line":61,"column":null}},"type":"cond-expr","locations":[{"start":{"line":60,"column":18},"end":{"line":61,"column":19}},{"start":{"line":61,"column":18},"end":{"line":61,"column":null}}],"line":59},"5":{"loc":{"start":{"line":68,"column":7},"end":{"line":71,"column":null}},"type":"binary-expr","locations":[{"start":{"line":68,"column":7},"end":{"line":68,"column":null}},{"start":{"line":69,"column":8},"end":{"line":71,"column":null}}],"line":68}},"s":{"0":4,"1":4,"2":8,"3":4,"4":1,"5":8,"6":8,"7":8,"8":8,"9":1,"10":1,"11":1},"f":{"0":4,"1":8,"2":1,"3":8,"4":1,"5":1,"6":1},"b":{"0":[4,4],"1":[1,7],"2":[4,4],"3":[8,4],"4":[4,4],"5":[4,1]},"meta":{"lastBranch":6,"lastFunction":7,"lastStatement":12,"seen":{"f:5:24:5:39":0,"s:6:10:6:32":0,"s:7:24:7:Infinity":1,"f:7:36:7:43":1,"s:7:48:7:68":2,"s:9:2:71:Infinity":3,"f:18:10:18:25":2,"s:18:25:18:44":4,"f:26:21:26:26":3,"s:27:25:27:Infinity":5,"s:28:29:28:49":6,"s:29:23:29:Infinity":7,"b:29:35:29:63:29:66:29:Infinity":0,"s:31:10:63:Infinity":8,"b:34:50:34:72:34:72:34:75":1,"b:34:87:34:105:34:105:34:Infinity":2,"f:35:14:35:29":4,"s:35:29:35:45":9,"f:41:16:41:32":5,"s:41:32:41:48":10,"f:42:16:42:25":6,"s:42:30:42:Infinity":11,"b:47:17:47:Infinity:48:18:48:Infinity":3,"b:60:18:61:19:61:18:61:Infinity":4,"b:68:7:68:Infinity:69:8:71:Infinity":5}}}
,"C:\\Users\\mosh\\Workspace\\audio-manager\\frontend\\src\\components\\DuplicatesTab.jsx": {"path":"C:\\Users\\mosh\\Workspace\\audio-manager\\frontend\\src\\components\\DuplicatesTab.jsx","statementMap":{"0":{"start":{"line":17,"column":10},"end":{"line":17,"column":32}},"1":{"start":{"line":19,"column":2},"end":{"line":70,"column":null}},"2":{"start":{"line":58,"column":14},"end":{"line":65,"column":null}}},"fnMap":{"0":{"name":"DuplicatesTab","decl":{"start":{"line":4,"column":24},"end":{"line":4,"column":38}},"loc":{"start":{"line":16,"column":3},"end":{"line":70,"column":null}},"line":16},"1":{"name":"(anonymous_1)","decl":{"start":{"line":57,"column":38},"end":{"line":57,"column":43}},"loc":{"start":{"line":58,"column":14},"end":{"line":65,"column":null}},"line":58}},"branchMap":{"0":{"loc":{"start":{"line":21,"column":7},"end":{"line":68,"column":null}},"type":"cond-expr","locations":[{"start":{"line":22,"column":8},"end":{"line":30,"column":null}},{"start":{"line":30,"column":8},"end":{"line":68,"column":null}}],"line":21},"1":{"loc":{"start":{"line":25,"column":11},"end":{"line":26,"column":null}},"type":"binary-expr","locations":[{"start":{"line":25,"column":11},"end":{"line":25,"column":null}},{"start":{"line":26,"column":12},"end":{"line":26,"column":null}}],"line":25},"2":{"loc":{"start":{"line":36,"column":15},"end":{"line":39,"column":null}},"type":"binary-expr","locations":[{"start":{"line":36,"column":15},"end":{"line":36,"column":null}},{"start":{"line":37,"column":16},"end":{"line":39,"column":null}}],"line":36},"3":{"loc":{"start":{"line":42,"column":13},"end":{"line":52,"column":null}},"type":"binary-expr","locations":[{"start":{"line":42,"column":13},"end":{"line":42,"column":null}},{"start":{"line":43,"column":14},"end":{"line":52,"column":null}}],"line":42},"4":{"loc":{"start":{"line":48,"column":17},"end":{"line":50,"column":null}},"type":"cond-expr","locations":[{"start":{"line":49,"column":20},"end":{"line":49,"column":44}},{"start":{"line":50,"column":20},"end":{"line":50,"column":null}}],"line":48}},"s":{"0":4,"1":4,"2":2},"f":{"0":4,"1":2},"b":{"0":[2,2],"1":[2,1],"2":[2,2],"3":[2,2],"4":[1,1]},"meta":{"lastBranch":5,"lastFunction":2,"lastStatement":3,"seen":{"f:4:24:4:38":0,"s:17:10:17:32":0,"s:19:2:70:Infinity":1,"b:22:8:30:Infinity:30:8:68:Infinity":0,"b:25:11:25:Infinity:26:12:26:Infinity":1,"b:36:15:36:Infinity:37:16:39:Infinity":2,"b:42:13:42:Infinity:43:14:52:Infinity":3,"b:49:20:49:44:50:20:50:Infinity":4,"f:57:38:57:43":1,"s:58:14:65:Infinity":2}}}
,"C:\\Users\\mosh\\Workspace\\audio-manager\\frontend\\src\\components\\FileRow.jsx": {"path":"C:\\Users\\mosh\\Workspace\\audio-manager\\frontend\\src\\components\\FileRow.jsx","statementMap":{"0":{"start":{"line":6,"column":10},"end":{"line":6,"column":32}},"1":{"start":{"line":8,"column":2},"end":{"line":21,"column":null}}},"fnMap":{"0":{"name":"FileRow","decl":{"start":{"line":5,"column":24},"end":{"line":5,"column":32}},"loc":{"start":{"line":5,"column":42},"end":{"line":21,"column":null}},"line":5}},"branchMap":{"0":{"loc":{"start":{"line":15,"column":31},"end":{"line":15,"column":78}},"type":"binary-expr","locations":[{"start":{"line":15,"column":31},"end":{"line":15,"column":45}},{"start":{"line":15,"column":45},"end":{"line":15,"column":78}}],"line":15},"1":{"loc":{"start":{"line":16,"column":31},"end":{"line":16,"column":79}},"type":"binary-expr","locations":[{"start":{"line":16,"column":31},"end":{"line":16,"column":46}},{"start":{"line":16,"column":46},"end":{"line":16,"column":79}}],"line":16},"2":{"loc":{"start":{"line":20,"column":9},"end":{"line":20,"column":null}},"type":"cond-expr","locations":[{"start":{"line":20,"column":24},"end":{"line":20,"column":68}},{"start":{"line":20,"column":68},"end":{"line":20,"column":null}}],"line":20}},"s":{"0":3,"1":3},"f":{"0":3},"b":{"0":[3,1],"1":[3,1],"2":[2,1]},"meta":{"lastBranch":3,"lastFunction":1,"lastStatement":2,"seen":{"f:5:24:5:32":0,"s:6:10:6:32":0,"s:8:2:21:Infinity":1,"b:15:31:15:45:15:45:15:78":0,"b:16:31:16:46:16:46:16:79":1,"b:20:24:20:68:20:68:20:Infinity":2}}}
,"C:\\Users\\mosh\\Workspace\\audio-manager\\frontend\\src\\components\\FilesTab.jsx": {"path":"C:\\Users\\mosh\\Workspace\\audio-manager\\frontend\\src\\components\\FilesTab.jsx","statementMap":{"0":{"start":{"line":13,"column":10},"end":{"line":13,"column":32}},"1":{"start":{"line":15,"column":2},"end":{"line":68,"column":null}},"2":{"start":{"line":23,"column":25},"end":{"line":23,"column":null}},"3":{"start":{"line":28,"column":27},"end":{"line":28,"column":51}},"4":{"start":{"line":33,"column":12},"end":{"line":40,"column":null}},"5":{"start":{"line":36,"column":29},"end":{"line":36,"column":51}},"6":{"start":{"line":64,"column":37},"end":{"line":64,"column":71}}},"fnMap":{"0":{"name":"FilesTab","decl":{"start":{"line":5,"column":24},"end":{"line":5,"column":33}},"loc":{"start":{"line":12,"column":3},"end":{"line":68,"column":null}},"line":12},"1":{"name":"(anonymous_1)","decl":{"start":{"line":23,"column":10},"end":{"line":23,"column":20}},"loc":{"start":{"line":23,"column":25},"end":{"line":23,"column":null}},"line":23},"2":{"name":"(anonymous_2)","decl":{"start":{"line":28,"column":12},"end":{"line":28,"column":27}},"loc":{"start":{"line":28,"column":27},"end":{"line":28,"column":51}},"line":28},"3":{"name":"(anonymous_3)","decl":{"start":{"line":32,"column":22},"end":{"line":32,"column":26}},"loc":{"start":{"line":33,"column":12},"end":{"line":40,"column":null}},"line":33},"4":{"name":"(anonymous_4)","decl":{"start":{"line":36,"column":14},"end":{"line":36,"column":29}},"loc":{"start":{"line":36,"column":29},"end":{"line":36,"column":51}},"line":36},"5":{"name":"(anonymous_5)","decl":{"start":{"line":64,"column":28},"end":{"line":64,"column":32}},"loc":{"start":{"line":64,"column":37},"end":{"line":64,"column":71}},"line":64}},"branchMap":{"0":{"loc":{"start":{"line":27,"column":37},"end":{"line":27,"column":null}},"type":"cond-expr","locations":[{"start":{"line":27,"column":59},"end":{"line":27,"column":77}},{"start":{"line":27,"column":77},"end":{"line":27,"column":null}}],"line":27},"1":{"loc":{"start":{"line":35,"column":39},"end":{"line":35,"column":null}},"type":"cond-expr","locations":[{"start":{"line":35,"column":59},"end":{"line":35,"column":77}},{"start":{"line":35,"column":77},"end":{"line":35,"column":null}}],"line":35},"2":{"loc":{"start":{"line":37,"column":40},"end":{"line":37,"column":69}},"type":"binary-expr","locations":[{"start":{"line":37,"column":40},"end":{"line":37,"column":58}},{"start":{"line":37,"column":58},"end":{"line":37,"column":69}}],"line":37},"3":{"loc":{"start":{"line":59,"column":13},"end":{"line":64,"column":71}},"type":"cond-expr","locations":[{"start":{"line":60,"column":14},"end":{"line":64,"column":28}},{"start":{"line":64,"column":14},"end":{"line":64,"column":71}}],"line":59}},"s":{"0":3,"1":3,"2":4,"3":1,"4":4,"5":1,"6":1},"f":{"0":3,"1":4,"2":1,"3":4,"4":1,"5":1},"b":{"0":[2,1],"1":[1,3],"2":[4,0],"3":[2,1]},"meta":{"lastBranch":4,"lastFunction":6,"lastStatement":7,"seen":{"f:5:24:5:33":0,"s:13:10:13:32":0,"s:15:2:68:Infinity":1,"f:23:10:23:20":1,"s:23:25:23:Infinity":2,"b:27:59:27:77:27:77:27:Infinity":0,"f:28:12:28:27":2,"s:28:27:28:51":3,"f:32:22:32:26":3,"s:33:12:40:Infinity":4,"b:35:59:35:77:35:77:35:Infinity":1,"f:36:14:36:29":4,"s:36:29:36:51":5,"b:37:40:37:58:37:58:37:69":2,"b:60:14:64:28:64:14:64:71":3,"f:64:28:64:32":5,"s:64:37:64:71":6}}}
,"C:\\Users\\mosh\\Workspace\\audio-manager\\frontend\\src\\components\\ProgressBar.jsx": {"path":"C:\\Users\\mosh\\Workspace\\audio-manager\\frontend\\src\\components\\ProgressBar.jsx","statementMap":{"0":{"start":{"line":4,"column":10},"end":{"line":4,"column":32}},"1":{"start":{"line":5,"column":14},"end":{"line":5,"column":null}},"2":{"start":{"line":7,"column":2},"end":{"line":14,"column":null}}},"fnMap":{"0":{"name":"ProgressBar","decl":{"start":{"line":3,"column":24},"end":{"line":3,"column":36}},"loc":{"start":{"line":3,"column":57},"end":{"line":14,"column":null}},"line":3}},"branchMap":{"0":{"loc":{"start":{"line":5,"column":14},"end":{"line":5,"column":null}},"type":"cond-expr","locations":[{"start":{"line":5,"column":26},"end":{"line":5,"column":62}},{"start":{"line":5,"column":65},"end":{"line":5,"column":null}}],"line":5}},"s":{"0":3,"1":3,"2":3},"f":{"0":3},"b":{"0":[2,1]},"meta":{"lastBranch":1,"lastFunction":1,"lastStatement":3,"seen":{"f:3:24:3:36":0,"s:4:10:4:32":0,"s:5:14:5:Infinity":1,"b:5:26:5:62:5:65:5:Infinity":0,"s:7:2:14:Infinity":2}}}
,"C:\\Users\\mosh\\Workspace\\audio-manager\\frontend\\src\\components\\ScanErrorPanel.jsx": {"path":"C:\\Users\\mosh\\Workspace\\audio-manager\\frontend\\src\\components\\ScanErrorPanel.jsx","statementMap":{"0":{"start":{"line":4,"column":10},"end":{"line":4,"column":32}},"1":{"start":{"line":6,"column":2},"end":{"line":13,"column":null}}},"fnMap":{"0":{"name":"ScanErrorPanel","decl":{"start":{"line":3,"column":24},"end":{"line":3,"column":39}},"loc":{"start":{"line":3,"column":59},"end":{"line":13,"column":null}},"line":3}},"branchMap":{},"s":{"0":1,"1":1},"f":{"0":1},"b":{},"meta":{"lastBranch":0,"lastFunction":1,"lastStatement":2,"seen":{"f:3:24:3:39":0,"s:4:10:4:32":0,"s:6:2:13:Infinity":1}}}
,"C:\\Users\\mosh\\Workspace\\audio-manager\\frontend\\src\\components\\ScanIdlePanel.jsx": {"path":"C:\\Users\\mosh\\Workspace\\audio-manager\\frontend\\src\\components\\ScanIdlePanel.jsx","statementMap":{"0":{"start":{"line":4,"column":10},"end":{"line":4,"column":32}},"1":{"start":{"line":6,"column":2},"end":{"line":36,"column":null}},"2":{"start":{"line":20,"column":27},"end":{"line":20,"column":57}},"3":{"start":{"line":21,"column":28},"end":{"line":21,"column":null}},"4":{"start":{"line":28,"column":27},"end":{"line":28,"column":null}}},"fnMap":{"0":{"name":"ScanIdlePanel","decl":{"start":{"line":3,"column":24},"end":{"line":3,"column":38}},"loc":{"start":{"line":3,"column":106},"end":{"line":36,"column":null}},"line":3},"1":{"name":"(anonymous_1)","decl":{"start":{"line":20,"column":12},"end":{"line":20,"column":22}},"loc":{"start":{"line":20,"column":27},"end":{"line":20,"column":57}},"line":20},"2":{"name":"(anonymous_2)","decl":{"start":{"line":21,"column":12},"end":{"line":21,"column":23}},"loc":{"start":{"line":21,"column":28},"end":{"line":21,"column":null}},"line":21},"3":{"name":"(anonymous_3)","decl":{"start":{"line":28,"column":12},"end":{"line":28,"column":22}},"loc":{"start":{"line":28,"column":27},"end":{"line":28,"column":null}},"line":28}},"branchMap":{"0":{"loc":{"start":{"line":21,"column":28},"end":{"line":21,"column":null}},"type":"binary-expr","locations":[{"start":{"line":21,"column":28},"end":{"line":21,"column":49}},{"start":{"line":21,"column":49},"end":{"line":21,"column":null}}],"line":21}},"s":{"0":4,"1":4,"2":4,"3":5,"4":1},"f":{"0":4,"1":4,"2":5,"3":1},"b":{"0":[5,1]},"meta":{"lastBranch":1,"lastFunction":4,"lastStatement":5,"seen":{"f:3:24:3:38":0,"s:4:10:4:32":0,"s:6:2:36:Infinity":1,"f:20:12:20:22":1,"s:20:27:20:57":2,"f:21:12:21:23":2,"s:21:28:21:Infinity":3,"b:21:28:21:49:21:49:21:Infinity":0,"f:28:12:28:22":3,"s:28:27:28:Infinity":4}}}
,"C:\\Users\\mosh\\Workspace\\audio-manager\\frontend\\src\\components\\ScanProgressPanel.jsx": {"path":"C:\\Users\\mosh\\Workspace\\audio-manager\\frontend\\src\\components\\ScanProgressPanel.jsx","statementMap":{"0":{"start":{"line":5,"column":10},"end":{"line":5,"column":32}},"1":{"start":{"line":7,"column":2},"end":{"line":17,"column":null}}},"fnMap":{"0":{"name":"ScanProgressPanel","decl":{"start":{"line":4,"column":24},"end":{"line":4,"column":42}},"loc":{"start":{"line":4,"column":64},"end":{"line":17,"column":null}},"line":4}},"branchMap":{},"s":{"0":1,"1":1},"f":{"0":1},"b":{},"meta":{"lastBranch":0,"lastFunction":1,"lastStatement":2,"seen":{"f:4:24:4:42":0,"s:5:10:5:32":0,"s:7:2:17:Infinity":1}}}
,"C:\\Users\\mosh\\Workspace\\audio-manager\\frontend\\src\\components\\StatsBar.jsx": {"path":"C:\\Users\\mosh\\Workspace\\audio-manager\\frontend\\src\\components\\StatsBar.jsx","statementMap":{"0":{"start":{"line":4,"column":10},"end":{"line":4,"column":32}},"1":{"start":{"line":6,"column":2},"end":{"line":20,"column":null}}},"fnMap":{"0":{"name":"StatsBar","decl":{"start":{"line":3,"column":24},"end":{"line":3,"column":33}},"loc":{"start":{"line":3,"column":75},"end":{"line":20,"column":null}},"line":3}},"branchMap":{},"s":{"0":2,"1":2},"f":{"0":2},"b":{},"meta":{"lastBranch":0,"lastFunction":1,"lastStatement":2,"seen":{"f:3:24:3:33":0,"s:4:10:4:32":0,"s:6:2:20:Infinity":1}}}
,"C:\\Users\\mosh\\Workspace\\audio-manager\\frontend\\src\\constants\\appConstants.js": {"path":"C:\\Users\\mosh\\Workspace\\audio-manager\\frontend\\src\\constants\\appConstants.js","statementMap":{"0":{"start":{"line":1,"column":19},"end":{"line":1,"column":null}},"1":{"start":{"line":3,"column":25},"end":{"line":10,"column":null}}},"fnMap":{},"branchMap":{},"s":{"0":8,"1":8},"f":{},"b":{},"meta":{"lastBranch":0,"lastFunction":0,"lastStatement":2,"seen":{"s:1:19:1:Infinity":0,"s:3:25:10:Infinity":1}}}
,"C:\\Users\\mosh\\Workspace\\audio-manager\\frontend\\src\\hooks\\useAudioScan.js": {"path":"C:\\Users\\mosh\\Workspace\\audio-manager\\frontend\\src\\hooks\\useAudioScan.js","statementMap":{"0":{"start":{"line":6,"column":10},"end":{"line":6,"column":32}},"1":{"start":{"line":7,"column":17},"end":{"line":7,"column":42}},"2":{"start":{"line":8,"column":21},"end":{"line":8,"column":52}},"3":{"start":{"line":9,"column":21},"end":{"line":9,"column":54}},"4":{"start":{"line":10,"column":19},"end":{"line":10,"column":68}},"5":{"start":{"line":11,"column":18},"end":{"line":11,"column":46}},"6":{"start":{"line":12,"column":16},"end":{"line":12,"column":42}},"7":{"start":{"line":14,"column":8},"end":{"line":14,"column":30}},"8":{"start":{"line":16,"column":2},"end":{"line":18,"column":null}},"9":{"start":{"line":17,"column":4},"end":{"line":17,"column":null}},"10":{"start":{"line":17,"column":17},"end":{"line":17,"column":47}},"11":{"start":{"line":20,"column":8},"end":{"line":44,"column":9}},"12":{"start":{"line":21,"column":4},"end":{"line":43,"column":null}},"13":{"start":{"line":22,"column":6},"end":{"line":41,"column":null}},"14":{"start":{"line":23,"column":20},"end":{"line":23,"column":53}},"15":{"start":{"line":24,"column":21},"end":{"line":24,"column":37}},"16":{"start":{"line":25,"column":8},"end":{"line":25,"column":null}},"17":{"start":{"line":27,"column":8},"end":{"line":36,"column":null}},"18":{"start":{"line":28,"column":10},"end":{"line":28,"column":null}},"19":{"start":{"line":29,"column":23},"end":{"line":29,"column":57}},"20":{"start":{"line":30,"column":29},"end":{"line":30,"column":46}},"21":{"start":{"line":31,"column":10},"end":{"line":31,"column":null}},"22":{"start":{"line":32,"column":10},"end":{"line":32,"column":null}},"23":{"start":{"line":33,"column":19},"end":{"line":36,"column":null}},"24":{"start":{"line":34,"column":10},"end":{"line":34,"column":null}},"25":{"start":{"line":35,"column":10},"end":{"line":35,"column":null}},"26":{"start":{"line":36,"column":10},"end":{"line":36,"column":null}},"27":{"start":{"line":39,"column":8},"end":{"line":39,"column":null}},"28":{"start":{"line":40,"column":8},"end":{"line":40,"column":null}},"29":{"start":{"line":41,"column":8},"end":{"line":41,"column":null}},"30":{"start":{"line":46,"column":8},"end":{"line":74,"column":56}},"31":{"start":{"line":47,"column":4},"end":{"line":47,"column":null}},"32":{"start":{"line":47,"column":24},"end":{"line":47,"column":null}},"33":{"start":{"line":49,"column":4},"end":{"line":49,"column":null}},"34":{"start":{"line":50,"column":4},"end":{"line":50,"column":null}},"35":{"start":{"line":51,"column":4},"end":{"line":51,"column":null}},"36":{"start":{"line":52,"column":4},"end":{"line":52,"column":null}},"37":{"start":{"line":53,"column":4},"end":{"line":53,"column":null}},"38":{"start":{"line":55,"column":4},"end":{"line":72,"column":null}},"39":{"start":{"line":56,"column":6},"end":{"line":56,"column":null}},"40":{"start":{"line":57,"column":18},"end":{"line":64,"column":8}},"41":{"start":{"line":65,"column":6},"end":{"line":67,"column":null}},"42":{"start":{"line":66,"column":20},"end":{"line":66,"column":36}},"43":{"start":{"line":67,"column":8},"end":{"line":67,"column":null}},"44":{"start":{"line":69,"column":6},"end":{"line":69,"column":null}},"45":{"start":{"line":71,"column":6},"end":{"line":71,"column":null}},"46":{"start":{"line":72,"column":6},"end":{"line":72,"column":null}},"47":{"start":{"line":76,"column":8},"end":{"line":85,"column":20}},"48":{"start":{"line":77,"column":4},"end":{"line":77,"column":null}},"49":{"start":{"line":78,"column":4},"end":{"line":78,"column":null}},"50":{"start":{"line":80,"column":4},"end":{"line":80,"column":null}},"51":{"start":{"line":81,"column":4},"end":{"line":81,"column":null}},"52":{"start":{"line":82,"column":4},"end":{"line":82,"column":null}},"53":{"start":{"line":83,"column":4},"end":{"line":83,"column":null}},"54":{"start":{"line":84,"column":4},"end":{"line":84,"column":null}},"55":{"start":{"line":87,"column":2},"end":{"line":100,"column":null}}},"fnMap":{"0":{"name":"useAudioScan","decl":{"start":{"line":5,"column":16},"end":{"line":5,"column":29}},"loc":{"start":{"line":5,"column":65},"end":{"line":100,"column":null}},"line":5},"1":{"name":"(anonymous_1)","decl":{"start":{"line":16,"column":2},"end":{"line":16,"column":18}},"loc":{"start":{"line":16,"column":18},"end":{"line":18,"column":7}},"line":16},"2":{"name":"(anonymous_2)","decl":{"start":{"line":17,"column":4},"end":{"line":17,"column":17}},"loc":{"start":{"line":17,"column":17},"end":{"line":17,"column":47}},"line":17},"3":{"name":"(anonymous_3)","decl":{"start":{"line":20,"column":23},"end":{"line":20,"column":41}},"loc":{"start":{"line":20,"column":41},"end":{"line":44,"column":6}},"line":20},"4":{"name":"(anonymous_4)","decl":{"start":{"line":21,"column":34},"end":{"line":21,"column":46}},"loc":{"start":{"line":21,"column":46},"end":{"line":43,"column":11}},"line":21},"5":{"name":"(anonymous_5)","decl":{"start":{"line":46,"column":33},"end":{"line":46,"column":45}},"loc":{"start":{"line":46,"column":45},"end":{"line":74,"column":6}},"line":46},"6":{"name":"(anonymous_6)","decl":{"start":{"line":76,"column":34},"end":{"line":76,"column":46}},"loc":{"start":{"line":76,"column":46},"end":{"line":85,"column":6}},"line":76},"7":{"name":"(anonymous_7)","decl":{"start":{"line":78,"column":59},"end":{"line":78,"column":71}},"loc":{"start":{"line":78,"column":71},"end":{"line":78,"column":74}},"line":78}},"branchMap":{"0":{"loc":{"start":{"line":5,"column":29},"end":{"line":5,"column":63}},"type":"default-arg","locations":[{"start":{"line":5,"column":61},"end":{"line":5,"column":63}}],"line":5},"1":{"loc":{"start":{"line":27,"column":8},"end":{"line":36,"column":null}},"type":"if","locations":[{"start":{"line":27,"column":8},"end":{"line":36,"column":null}},{"start":{"line":33,"column":19},"end":{"line":36,"column":null}}],"line":27},"2":{"loc":{"start":{"line":33,"column":19},"end":{"line":36,"column":null}},"type":"if","locations":[{"start":{"line":33,"column":19},"end":{"line":36,"column":null}},{"start":{},"end":{}}],"line":33},"3":{"loc":{"start":{"line":47,"column":4},"end":{"line":47,"column":null}},"type":"if","locations":[{"start":{"line":47,"column":4},"end":{"line":47,"column":null}},{"start":{},"end":{}}],"line":47},"4":{"loc":{"start":{"line":65,"column":6},"end":{"line":67,"column":null}},"type":"if","locations":[{"start":{"line":65,"column":6},"end":{"line":67,"column":null}},{"start":{},"end":{}}],"line":65},"5":{"loc":{"start":{"line":67,"column":24},"end":{"line":67,"column":59}},"type":"binary-expr","locations":[{"start":{"line":67,"column":24},"end":{"line":67,"column":38}},{"start":{"line":67,"column":38},"end":{"line":67,"column":59}}],"line":67}},"s":{"0":15,"1":15,"2":15,"3":15,"4":15,"5":15,"6":15,"7":15,"8":15,"9":5,"10":5,"11":15,"12":2,"13":2,"14":2,"15":1,"16":1,"17":1,"18":1,"19":1,"20":1,"21":1,"22":1,"23":0,"24":0,"25":0,"26":0,"27":1,"28":1,"29":1,"30":15,"31":4,"32":1,"33":3,"34":4,"35":4,"36":4,"37":4,"38":4,"39":4,"40":3,"41":3,"42":1,"43":1,"44":2,"45":1,"46":1,"47":15,"48":1,"49":1,"50":1,"51":1,"52":1,"53":1,"54":1,"55":15},"f":{"0":15,"1":5,"2":5,"3":2,"4":2,"5":4,"6":1,"7":1},"b":{"0":[15],"1":[1,0],"2":[0,0],"3":[1,3],"4":[1,2],"5":[1,0]},"meta":{"lastBranch":6,"lastFunction":8,"lastStatement":56,"seen":{"f:5:16:5:29":0,"b:5:61:5:63":0,"s:6:10:6:32":0,"s:7:17:7:42":1,"s:8:21:8:52":2,"s:9:21:9:54":3,"s:10:19:10:68":4,"s:11:18:11:46":5,"s:12:16:12:42":6,"s:14:8:14:30":7,"s:16:2:18:Infinity":8,"f:16:2:16:18":1,"s:17:4:17:Infinity":9,"f:17:4:17:17":2,"s:17:17:17:47":10,"s:20:8:44:9":11,"f:20:23:20:41":3,"s:21:4:43:Infinity":12,"f:21:34:21:46":4,"s:22:6:41:Infinity":13,"s:23:20:23:53":14,"s:24:21:24:37":15,"s:25:8:25:Infinity":16,"b:27:8:36:Infinity:33:19:36:Infinity":1,"s:27:8:36:Infinity":17,"s:28:10:28:Infinity":18,"s:29:23:29:57":19,"s:30:29:30:46":20,"s:31:10:31:Infinity":21,"s:32:10:32:Infinity":22,"b:33:19:36:Infinity:undefined:undefined:undefined:undefined":2,"s:33:19:36:Infinity":23,"s:34:10:34:Infinity":24,"s:35:10:35:Infinity":25,"s:36:10:36:Infinity":26,"s:39:8:39:Infinity":27,"s:40:8:40:Infinity":28,"s:41:8:41:Infinity":29,"s:46:8:74:56":30,"f:46:33:46:45":5,"b:47:4:47:Infinity:undefined:undefined:undefined:undefined":3,"s:47:4:47:Infinity":31,"s:47:24:47:Infinity":32,"s:49:4:49:Infinity":33,"s:50:4:50:Infinity":34,"s:51:4:51:Infinity":35,"s:52:4:52:Infinity":36,"s:53:4:53:Infinity":37,"s:55:4:72:Infinity":38,"s:56:6:56:Infinity":39,"s:57:18:64:8":40,"b:65:6:67:Infinity:undefined:undefined:undefined:undefined":4,"s:65:6:67:Infinity":41,"s:66:20:66:36":42,"s:67:8:67:Infinity":43,"b:67:24:67:38:67:38:67:59":5,"s:69:6:69:Infinity":44,"s:71:6:71:Infinity":45,"s:72:6:72:Infinity":46,"s:76:8:85:20":47,"f:76:34:76:46":6,"s:77:4:77:Infinity":48,"s:78:4:78:Infinity":49,"f:78:59:78:71":7,"s:80:4:80:Infinity":50,"s:81:4:81:Infinity":51,"s:82:4:82:Infinity":52,"s:83:4:83:Infinity":53,"s:84:4:84:Infinity":54,"s:87:2:100:Infinity":55}}}
,"C:\\Users\\mosh\\Workspace\\audio-manager\\frontend\\src\\hooks\\useDeleteFiles.js": {"path":"C:\\Users\\mosh\\Workspace\\audio-manager\\frontend\\src\\hooks\\useDeleteFiles.js","statementMap":{"0":{"start":{"line":5,"column":23},"end":{"line":5,"column":56}},"1":{"start":{"line":6,"column":23},"end":{"line":6,"column":56}},"2":{"start":{"line":8,"column":8},"end":{"line":10,"column":null}},"3":{"start":{"line":9,"column":4},"end":{"line":9,"column":null}},"4":{"start":{"line":10,"column":4},"end":{"line":10,"column":null}},"5":{"start":{"line":13,"column":30},"end":{"line":39,"column":null}},"6":{"start":{"line":14,"column":4},"end":{"line":14,"column":null}},"7":{"start":{"line":16,"column":4},"end":{"line":39,"column":null}},"8":{"start":{"line":17,"column":18},"end":{"line":21,"column":8}},"9":{"start":{"line":22,"column":19},"end":{"line":22,"column":35}},"10":{"start":{"line":23,"column":6},"end":{"line":23,"column":null}},"11":{"start":{"line":24,"column":6},"end":{"line":24,"column":null}},"12":{"start":{"line":26,"column":6},"end":{"line":35,"column":null}},"13":{"start":{"line":27,"column":8},"end":{"line":27,"column":null}},"14":{"start":{"line":27,"column":19},"end":{"line":27,"column":null}},"15":{"start":{"line":28,"column":27},"end":{"line":28,"column":48}},"16":{"start":{"line":29,"column":22},"end":{"line":29,"column":69}},"17":{"start":{"line":29,"column":45},"end":{"line":29,"column":68}},"18":{"start":{"line":30,"column":33},"end":{"line":32,"column":42}},"19":{"start":{"line":31,"column":21},"end":{"line":31,"column":84}},"20":{"start":{"line":31,"column":56},"end":{"line":31,"column":79}},"21":{"start":{"line":32,"column":23},"end":{"line":32,"column":42}},"22":{"start":{"line":34,"column":8},"end":{"line":34,"column":null}},"23":{"start":{"line":36,"column":6},"end":{"line":36,"column":null}},"24":{"start":{"line":38,"column":6},"end":{"line":38,"column":null}},"25":{"start":{"line":39,"column":6},"end":{"line":39,"column":null}},"26":{"start":{"line":43,"column":2},"end":{"line":48,"column":null}}},"fnMap":{"0":{"name":"useDeleteFiles","decl":{"start":{"line":4,"column":16},"end":{"line":4,"column":31}},"loc":{"start":{"line":4,"column":83},"end":{"line":48,"column":null}},"line":4},"1":{"name":"(anonymous_1)","decl":{"start":{"line":8,"column":8},"end":{"line":8,"column":33}},"loc":{"start":{"line":8,"column":33},"end":{"line":10,"column":null}},"line":8},"2":{"name":"(anonymous_2)","decl":{"start":{"line":13,"column":30},"end":{"line":13,"column":42}},"loc":{"start":{"line":13,"column":42},"end":{"line":39,"column":null}},"line":13},"3":{"name":"(anonymous_3)","decl":{"start":{"line":26,"column":6},"end":{"line":26,"column":17}},"loc":{"start":{"line":26,"column":25},"end":{"line":35,"column":null}},"line":26},"4":{"name":"(anonymous_4)","decl":{"start":{"line":29,"column":33},"end":{"line":29,"column":40}},"loc":{"start":{"line":29,"column":45},"end":{"line":29,"column":68}},"line":29},"5":{"name":"(anonymous_5)","decl":{"start":{"line":31,"column":11},"end":{"line":31,"column":15}},"loc":{"start":{"line":31,"column":21},"end":{"line":31,"column":84}},"line":31},"6":{"name":"(anonymous_6)","decl":{"start":{"line":31,"column":44},"end":{"line":31,"column":51}},"loc":{"start":{"line":31,"column":56},"end":{"line":31,"column":79}},"line":31},"7":{"name":"(anonymous_7)","decl":{"start":{"line":32,"column":11},"end":{"line":32,"column":18}},"loc":{"start":{"line":32,"column":23},"end":{"line":32,"column":42}},"line":32}},"branchMap":{"0":{"loc":{"start":{"line":27,"column":8},"end":{"line":27,"column":null}},"type":"if","locations":[{"start":{"line":27,"column":8},"end":{"line":27,"column":null}},{"start":{},"end":{}}],"line":27}},"s":{"0":7,"1":7,"2":7,"3":1,"4":1,"5":7,"6":3,"7":3,"8":3,"9":2,"10":2,"11":2,"12":2,"13":1,"14":0,"15":1,"16":1,"17":3,"18":1,"19":2,"20":5,"21":2,"22":1,"23":2,"24":1,"25":1,"26":7},"f":{"0":7,"1":1,"2":3,"3":1,"4":3,"5":2,"6":5,"7":2},"b":{"0":[0,1]},"meta":{"lastBranch":1,"lastFunction":8,"lastStatement":27,"seen":{"f:4:16:4:31":0,"s:5:23:5:56":0,"s:6:23:6:56":1,"s:8:8:10:Infinity":2,"f:8:8:8:33":1,"s:9:4:9:Infinity":3,"s:10:4:10:Infinity":4,"s:13:30:39:Infinity":5,"f:13:30:13:42":2,"s:14:4:14:Infinity":6,"s:16:4:39:Infinity":7,"s:17:18:21:8":8,"s:22:19:22:35":9,"s:23:6:23:Infinity":10,"s:24:6:24:Infinity":11,"s:26:6:35:Infinity":12,"f:26:6:26:17":3,"b:27:8:27:Infinity:undefined:undefined:undefined:undefined":0,"s:27:8:27:Infinity":13,"s:27:19:27:Infinity":14,"s:28:27:28:48":15,"s:29:22:29:69":16,"f:29:33:29:40":4,"s:29:45:29:68":17,"s:30:33:32:42":18,"f:31:11:31:15":5,"s:31:21:31:84":19,"f:31:44:31:51":6,"s:31:56:31:79":20,"f:32:11:32:18":7,"s:32:23:32:42":21,"s:34:8:34:Infinity":22,"s:36:6:36:Infinity":23,"s:38:6:38:Infinity":24,"s:39:6:39:Infinity":25,"s:43:2:48:Infinity":26}}}
,"C:\\Users\\mosh\\Workspace\\audio-manager\\frontend\\src\\hooks\\useDuplicateSelection.js": {"path":"C:\\Users\\mosh\\Workspace\\audio-manager\\frontend\\src\\hooks\\useDuplicateSelection.js","statementMap":{"0":{"start":{"line":4,"column":19},"end":{"line":4,"column":53}},"1":{"start":{"line":6,"column":8},"end":{"line":11,"column":null}},"2":{"start":{"line":7,"column":4},"end":{"line":11,"column":null}},"3":{"start":{"line":8,"column":19},"end":{"line":8,"column":32}},"4":{"start":{"line":9,"column":6},"end":{"line":9,"column":null}},"5":{"start":{"line":10,"column":6},"end":{"line":10,"column":null}},"6":{"start":{"line":14,"column":8},"end":{"line":19,"column":null}},"7":{"start":{"line":15,"column":4},"end":{"line":19,"column":null}},"8":{"start":{"line":16,"column":19},"end":{"line":16,"column":32}},"9":{"start":{"line":17,"column":6},"end":{"line":17,"column":null}},"10":{"start":{"line":17,"column":40},"end":{"line":17,"column":56}},"11":{"start":{"line":18,"column":6},"end":{"line":18,"column":null}},"12":{"start":{"line":22,"column":8},"end":{"line":30,"column":null}},"13":{"start":{"line":23,"column":4},"end":{"line":23,"column":null}},"14":{"start":{"line":23,"column":18},"end":{"line":23,"column":null}},"15":{"start":{"line":24,"column":4},"end":{"line":30,"column":null}},"16":{"start":{"line":25,"column":19},"end":{"line":25,"column":32}},"17":{"start":{"line":26,"column":6},"end":{"line":28,"column":null}},"18":{"start":{"line":27,"column":8},"end":{"line":27,"column":null}},"19":{"start":{"line":27,"column":38},"end":{"line":27,"column":54}},"20":{"start":{"line":29,"column":6},"end":{"line":29,"column":null}},"21":{"start":{"line":33,"column":8},"end":{"line":33,"column":53}},"22":{"start":{"line":33,"column":31},"end":{"line":33,"column":53}},"23":{"start":{"line":35,"column":8},"end":{"line":35,"column":64}},"24":{"start":{"line":35,"column":38},"end":{"line":35,"column":53}},"25":{"start":{"line":37,"column":2},"end":{"line":45,"column":null}}},"fnMap":{"0":{"name":"useDuplicateSelection","decl":{"start":{"line":3,"column":16},"end":{"line":3,"column":38}},"loc":{"start":{"line":3,"column":47},"end":{"line":45,"column":null}},"line":3},"1":{"name":"(anonymous_1)","decl":{"start":{"line":6,"column":8},"end":{"line":6,"column":26}},"loc":{"start":{"line":6,"column":35},"end":{"line":11,"column":null}},"line":6},"2":{"name":"(anonymous_2)","decl":{"start":{"line":7,"column":4},"end":{"line":7,"column":16}},"loc":{"start":{"line":7,"column":24},"end":{"line":11,"column":null}},"line":7},"3":{"name":"(anonymous_3)","decl":{"start":{"line":14,"column":8},"end":{"line":14,"column":27}},"loc":{"start":{"line":14,"column":37},"end":{"line":19,"column":null}},"line":14},"4":{"name":"(anonymous_4)","decl":{"start":{"line":15,"column":4},"end":{"line":15,"column":16}},"loc":{"start":{"line":15,"column":24},"end":{"line":19,"column":null}},"line":15},"5":{"name":"(anonymous_5)","decl":{"start":{"line":17,"column":27},"end":{"line":17,"column":35}},"loc":{"start":{"line":17,"column":40},"end":{"line":17,"column":56}},"line":17},"6":{"name":"(anonymous_6)","decl":{"start":{"line":22,"column":8},"end":{"line":22,"column":30}},"loc":{"start":{"line":22,"column":30},"end":{"line":30,"column":null}},"line":22},"7":{"name":"(anonymous_7)","decl":{"start":{"line":24,"column":4},"end":{"line":24,"column":16}},"loc":{"start":{"line":24,"column":24},"end":{"line":30,"column":null}},"line":24},"8":{"name":"(anonymous_8)","decl":{"start":{"line":26,"column":31},"end":{"line":26,"column":39}},"loc":{"start":{"line":26,"column":44},"end":{"line":28,"column":null}},"line":26},"9":{"name":"(anonymous_9)","decl":{"start":{"line":27,"column":25},"end":{"line":27,"column":33}},"loc":{"start":{"line":27,"column":38},"end":{"line":27,"column":54}},"line":27},"10":{"name":"(anonymous_10)","decl":{"start":{"line":33,"column":8},"end":{"line":33,"column":31}},"loc":{"start":{"line":33,"column":31},"end":{"line":33,"column":53}},"line":33},"11":{"name":"(anonymous_11)","decl":{"start":{"line":35,"column":24},"end":{"line":35,"column":38}},"loc":{"start":{"line":35,"column":38},"end":{"line":35,"column":53}},"line":35}},"branchMap":{"0":{"loc":{"start":{"line":9,"column":6},"end":{"line":9,"column":57}},"type":"cond-expr","locations":[{"start":{"line":9,"column":23},"end":{"line":9,"column":40}},{"start":{"line":9,"column":43},"end":{"line":9,"column":57}}],"line":9},"1":{"loc":{"start":{"line":23,"column":4},"end":{"line":23,"column":null}},"type":"if","locations":[{"start":{"line":23,"column":4},"end":{"line":23,"column":null}},{"start":{},"end":{}}],"line":23}},"s":{"0":11,"1":11,"2":4,"3":4,"4":4,"5":4,"6":11,"7":1,"8":1,"9":1,"10":2,"11":1,"12":11,"13":1,"14":0,"15":1,"16":1,"17":1,"18":2,"19":3,"20":1,"21":11,"22":1,"23":11,"24":11,"25":11},"f":{"0":11,"1":4,"2":4,"3":1,"4":1,"5":2,"6":1,"7":1,"8":2,"9":3,"10":1,"11":11},"b":{"0":[1,3],"1":[0,1]},"meta":{"lastBranch":2,"lastFunction":12,"lastStatement":26,"seen":{"f:3:16:3:38":0,"s:4:19:4:53":0,"s:6:8:11:Infinity":1,"f:6:8:6:26":1,"s:7:4:11:Infinity":2,"f:7:4:7:16":2,"s:8:19:8:32":3,"s:9:6:9:Infinity":4,"b:9:23:9:40:9:43:9:57":0,"s:10:6:10:Infinity":5,"s:14:8:19:Infinity":6,"f:14:8:14:27":3,"s:15:4:19:Infinity":7,"f:15:4:15:16":4,"s:16:19:16:32":8,"s:17:6:17:Infinity":9,"f:17:27:17:35":5,"s:17:40:17:56":10,"s:18:6:18:Infinity":11,"s:22:8:30:Infinity":12,"f:22:8:22:30":6,"b:23:4:23:Infinity:undefined:undefined:undefined:undefined":1,"s:23:4:23:Infinity":13,"s:23:18:23:Infinity":14,"s:24:4:30:Infinity":15,"f:24:4:24:16":7,"s:25:19:25:32":16,"s:26:6:28:Infinity":17,"f:26:31:26:39":8,"s:27:8:27:Infinity":18,"f:27:25:27:33":9,"s:27:38:27:54":19,"s:29:6:29:Infinity":20,"s:33:8:33:53":21,"f:33:8:33:31":10,"s:33:31:33:53":22,"s:35:8:35:64":23,"f:35:24:35:38":11,"s:35:38:35:53":24,"s:37:2:45:Infinity":25}}}
,"C:\\Users\\mosh\\Workspace\\audio-manager\\frontend\\src\\hooks\\useFileFilters.js": {"path":"C:\\Users\\mosh\\Workspace\\audio-manager\\frontend\\src\\hooks\\useFileFilters.js","statementMap":{"0":{"start":{"line":4,"column":20},"end":{"line":4,"column":51}},"1":{"start":{"line":5,"column":17},"end":{"line":5,"column":42}},"2":{"start":{"line":7,"column":8},"end":{"line":17,"column":34}},"3":{"start":{"line":8,"column":4},"end":{"line":16,"column":null}},"4":{"start":{"line":9,"column":23},"end":{"line":9,"column":null}},"5":{"start":{"line":10,"column":16},"end":{"line":10,"column":36}},"6":{"start":{"line":11,"column":26},"end":{"line":14,"column":49}},"7":{"start":{"line":15,"column":6},"end":{"line":15,"column":null}},"8":{"start":{"line":19,"column":8},"end":{"line":23,"column":15}},"9":{"start":{"line":20,"column":4},"end":{"line":22,"column":null}},"10":{"start":{"line":21,"column":43},"end":{"line":21,"column":55}},"11":{"start":{"line":25,"column":8},"end":{"line":27,"column":null}},"12":{"start":{"line":26,"column":4},"end":{"line":26,"column":null}},"13":{"start":{"line":27,"column":4},"end":{"line":27,"column":null}},"14":{"start":{"line":30,"column":2},"end":{"line":38,"column":null}}},"fnMap":{"0":{"name":"useFileFilters","decl":{"start":{"line":3,"column":16},"end":{"line":3,"column":31}},"loc":{"start":{"line":3,"column":40},"end":{"line":38,"column":null}},"line":3},"1":{"name":"(anonymous_1)","decl":{"start":{"line":7,"column":24},"end":{"line":7,"column":38}},"loc":{"start":{"line":7,"column":38},"end":{"line":17,"column":6}},"line":7},"2":{"name":"(anonymous_2)","decl":{"start":{"line":8,"column":27},"end":{"line":8,"column":34}},"loc":{"start":{"line":8,"column":39},"end":{"line":16,"column":10}},"line":8},"3":{"name":"(anonymous_3)","decl":{"start":{"line":19,"column":21},"end":{"line":19,"column":35}},"loc":{"start":{"line":19,"column":35},"end":{"line":23,"column":6}},"line":19},"4":{"name":"(anonymous_4)","decl":{"start":{"line":21,"column":34},"end":{"line":21,"column":38}},"loc":{"start":{"line":21,"column":43},"end":{"line":21,"column":55}},"line":21},"5":{"name":"(anonymous_5)","decl":{"start":{"line":25,"column":8},"end":{"line":25,"column":29}},"loc":{"start":{"line":25,"column":29},"end":{"line":27,"column":null}},"line":25}},"branchMap":{"0":{"loc":{"start":{"line":8,"column":11},"end":{"line":16,"column":12}},"type":"binary-expr","locations":[{"start":{"line":8,"column":11},"end":{"line":16,"column":10}},{"start":{"line":16,"column":10},"end":{"line":16,"column":12}}],"line":8},"1":{"loc":{"start":{"line":9,"column":23},"end":{"line":9,"column":null}},"type":"binary-expr","locations":[{"start":{"line":9,"column":23},"end":{"line":9,"column":46}},{"start":{"line":9,"column":46},"end":{"line":9,"column":null}}],"line":9},"2":{"loc":{"start":{"line":11,"column":26},"end":{"line":14,"column":49}},"type":"binary-expr","locations":[{"start":{"line":11,"column":26},"end":{"line":11,"column":null}},{"start":{"line":12,"column":8},"end":{"line":12,"column":44}},{"start":{"line":12,"column":44},"end":{"line":13,"column":50}},{"start":{"line":13,"column":50},"end":{"line":14,"column":49}}],"line":11},"3":{"loc":{"start":{"line":14,"column":9},"end":{"line":14,"column":24}},"type":"binary-expr","locations":[{"start":{"line":14,"column":9},"end":{"line":14,"column":20}},{"start":{"line":14,"column":20},"end":{"line":14,"column":24}}],"line":14},"4":{"loc":{"start":{"line":15,"column":13},"end":{"line":15,"column":null}},"type":"binary-expr","locations":[{"start":{"line":15,"column":13},"end":{"line":15,"column":25}},{"start":{"line":15,"column":25},"end":{"line":15,"column":null}}],"line":15},"5":{"loc":{"start":{"line":20,"column":11},"end":{"line":22,"column":10}},"type":"cond-expr","locations":[{"start":{"line":21,"column":8},"end":{"line":21,"column":64}},{"start":{"line":22,"column":8},"end":{"line":22,"column":10}}],"line":20}},"s":{"0":10,"1":10,"2":10,"3":10,"4":30,"5":30,"6":30,"7":30,"8":10,"9":4,"10":12,"11":10,"12":1,"13":1,"14":10},"f":{"0":10,"1":10,"2":30,"3":4,"4":12,"5":1},"b":{"0":[10,0],"1":[30,6],"2":[30,12,10,9],"3":[9,2],"4":[30,26],"5":[4,0]},"meta":{"lastBranch":6,"lastFunction":6,"lastStatement":15,"seen":{"f:3:16:3:31":0,"s:4:20:4:51":0,"s:5:17:5:42":1,"s:7:8:17:34":2,"f:7:24:7:38":1,"s:8:4:16:Infinity":3,"b:8:11:16:10:16:10:16:12":0,"f:8:27:8:34":2,"s:9:23:9:Infinity":4,"b:9:23:9:46:9:46:9:Infinity":1,"s:10:16:10:36":5,"s:11:26:14:49":6,"b:11:26:11:Infinity:12:8:12:44:12:44:13:50:13:50:14:49":2,"b:14:9:14:20:14:20:14:24":3,"s:15:6:15:Infinity":7,"b:15:13:15:25:15:25:15:Infinity":4,"s:19:8:23:15":8,"f:19:21:19:35":3,"s:20:4:22:Infinity":9,"b:21:8:21:64:22:8:22:10":5,"f:21:34:21:38":4,"s:21:43:21:55":10,"s:25:8:27:Infinity":11,"f:25:8:25:29":5,"s:26:4:26:Infinity":12,"s:27:4:27:Infinity":13,"s:30:2:38:Infinity":14}}}
,"C:\\Users\\mosh\\Workspace\\audio-manager\\frontend\\src\\hooks\\useResultsUI.js": {"path":"C:\\Users\\mosh\\Workspace\\audio-manager\\frontend\\src\\hooks\\useResultsUI.js","statementMap":{"0":{"start":{"line":4,"column":20},"end":{"line":4,"column":53}},"1":{"start":{"line":5,"column":22},"end":{"line":5,"column":55}},"2":{"start":{"line":7,"column":8},"end":{"line":7,"column":54}},"3":{"start":{"line":7,"column":34},"end":{"line":7,"column":54}},"4":{"start":{"line":8,"column":8},"end":{"line":8,"column":56}},"5":{"start":{"line":8,"column":35},"end":{"line":8,"column":56}},"6":{"start":{"line":10,"column":8},"end":{"line":12,"column":null}},"7":{"start":{"line":11,"column":4},"end":{"line":11,"column":null}},"8":{"start":{"line":12,"column":4},"end":{"line":12,"column":null}},"9":{"start":{"line":15,"column":2},"end":{"line":22,"column":null}}},"fnMap":{"0":{"name":"useResultsUI","decl":{"start":{"line":3,"column":16},"end":{"line":3,"column":31}},"loc":{"start":{"line":3,"column":31},"end":{"line":22,"column":null}},"line":3},"1":{"name":"(anonymous_1)","decl":{"start":{"line":7,"column":8},"end":{"line":7,"column":34}},"loc":{"start":{"line":7,"column":34},"end":{"line":7,"column":54}},"line":7},"2":{"name":"(anonymous_2)","decl":{"start":{"line":8,"column":8},"end":{"line":8,"column":35}},"loc":{"start":{"line":8,"column":35},"end":{"line":8,"column":56}},"line":8},"3":{"name":"(anonymous_3)","decl":{"start":{"line":10,"column":8},"end":{"line":10,"column":29}},"loc":{"start":{"line":10,"column":29},"end":{"line":12,"column":null}},"line":10}},"branchMap":{},"s":{"0":7,"1":7,"2":7,"3":2,"4":7,"5":1,"6":7,"7":1,"8":1,"9":7},"f":{"0":7,"1":2,"2":1,"3":1},"b":{},"meta":{"lastBranch":0,"lastFunction":4,"lastStatement":10,"seen":{"f:3:16:3:31":0,"s:4:20:4:53":0,"s:5:22:5:55":1,"s:7:8:7:54":2,"f:7:8:7:34":1,"s:7:34:7:54":3,"s:8:8:8:56":4,"f:8:8:8:35":2,"s:8:35:8:56":5,"s:10:8:12:Infinity":6,"f:10:8:10:29":3,"s:11:4:11:Infinity":7,"s:12:4:12:Infinity":8,"s:15:2:22:Infinity":9}}}
,"C:\\Users\\mosh\\Workspace\\audio-manager\\frontend\\src\\utils\\formatters.js": {"path":"C:\\Users\\mosh\\Workspace\\audio-manager\\frontend\\src\\utils\\formatters.js","statementMap":{"0":{"start":{"line":2,"column":2},"end":{"line":2,"column":null}},"1":{"start":{"line":2,"column":20},"end":{"line":2,"column":null}},"2":{"start":{"line":3,"column":2},"end":{"line":3,"column":null}},"3":{"start":{"line":3,"column":27},"end":{"line":3,"column":null}},"4":{"start":{"line":4,"column":2},"end":{"line":4,"column":null}},"5":{"start":{"line":8,"column":2},"end":{"line":8,"column":null}},"6":{"start":{"line":8,"column":13},"end":{"line":8,"column":null}},"7":{"start":{"line":9,"column":12},"end":{"line":9,"column":33}},"8":{"start":{"line":10,"column":12},"end":{"line":10,"column":61}},"9":{"start":{"line":11,"column":2},"end":{"line":11,"column":null}}},"fnMap":{"0":{"name":"formatSize","decl":{"start":{"line":1,"column":16},"end":{"line":1,"column":27}},"loc":{"start":{"line":1,"column":34},"end":{"line":4,"column":null}},"line":1},"1":{"name":"formatDuration","decl":{"start":{"line":7,"column":16},"end":{"line":7,"column":31}},"loc":{"start":{"line":7,"column":37},"end":{"line":11,"column":null}},"line":7}},"branchMap":{"0":{"loc":{"start":{"line":2,"column":2},"end":{"line":2,"column":null}},"type":"if","locations":[{"start":{"line":2,"column":2},"end":{"line":2,"column":null}},{"start":{},"end":{}}],"line":2},"1":{"loc":{"start":{"line":3,"column":2},"end":{"line":3,"column":null}},"type":"if","locations":[{"start":{"line":3,"column":2},"end":{"line":3,"column":null}},{"start":{},"end":{}}],"line":3},"2":{"loc":{"start":{"line":8,"column":2},"end":{"line":8,"column":null}},"type":"if","locations":[{"start":{"line":8,"column":2},"end":{"line":8,"column":null}},{"start":{},"end":{}}],"line":8}},"s":{"0":19,"1":7,"2":12,"3":7,"4":5,"5":6,"6":1,"7":5,"8":5,"9":5},"f":{"0":19,"1":6},"b":{"0":[7,12],"1":[7,5],"2":[1,5]},"meta":{"lastBranch":3,"lastFunction":2,"lastStatement":10,"seen":{"f:1:16:1:27":0,"b:2:2:2:Infinity:undefined:undefined:undefined:undefined":0,"s:2:2:2:Infinity":0,"s:2:20:2:Infinity":1,"b:3:2:3:Infinity:undefined:undefined:undefined:undefined":1,"s:3:2:3:Infinity":2,"s:3:27:3:Infinity":3,"s:4:2:4:Infinity":4,"f:7:16:7:31":1,"b:8:2:8:Infinity:undefined:undefined:undefined:undefined":2,"s:8:2:8:Infinity":5,"s:8:13:8:Infinity":6,"s:9:12:9:33":7,"s:10:12:10:61":8,"s:11:2:11:Infinity":9}}}
}
